c:\users\myuce\documents\visual studio 2013\projects\consoleapplication2\consoleapplication2\hadoop .net hdfs file access\c# and c++\c#,c++\winhdfsmanaged\winhdfsmanaged\x64\debug\winhdfsmanaged.pch
c:\users\myuce\documents\visual studio 2013\projects\consoleapplication2\consoleapplication2\hadoop .net hdfs file access\c# and c++\c#,c++\winhdfsmanaged\winhdfsmanaged\x64\debug\vc120.pdb
c:\users\myuce\documents\visual studio 2013\projects\consoleapplication2\consoleapplication2\hadoop .net hdfs file access\c# and c++\c#,c++\winhdfsmanaged\winhdfsmanaged\x64\debug\stdafx.obj
c:\users\myuce\documents\visual studio 2013\projects\consoleapplication2\consoleapplication2\hadoop .net hdfs file access\c# and c++\c#,c++\winhdfsmanaged\winhdfsmanaged\x64\debug\hdfsfilesystem.obj
c:\users\myuce\documents\visual studio 2013\projects\consoleapplication2\consoleapplication2\hadoop .net hdfs file access\c# and c++\c#,c++\winhdfsmanaged\winhdfsmanaged\x64\debug\hdfsfilehandle.obj
c:\users\myuce\documents\visual studio 2013\projects\consoleapplication2\consoleapplication2\hadoop .net hdfs file access\c# and c++\c#,c++\winhdfsmanaged\winhdfsmanaged\x64\debug\hdfsfileinfoentries.obj
c:\users\myuce\documents\visual studio 2013\projects\consoleapplication2\consoleapplication2\hadoop .net hdfs file access\c# and c++\c#,c++\winhdfsmanaged\winhdfsmanaged\x64\debug\hdfsfilestream.obj
c:\users\myuce\documents\visual studio 2013\projects\consoleapplication2\consoleapplication2\hadoop .net hdfs file access\c# and c++\c#,c++\winhdfsmanaged\winhdfsmanaged\x64\debug\hdfsfileinfoentry.obj
c:\users\myuce\documents\visual studio 2013\projects\consoleapplication2\consoleapplication2\hadoop .net hdfs file access\c# and c++\c#,c++\winhdfsmanaged\winhdfsmanaged\x64\debug\configureisotope.obj
c:\users\myuce\documents\visual studio 2013\projects\consoleapplication2\consoleapplication2\hadoop .net hdfs file access\c# and c++\c#,c++\winhdfsmanaged\winhdfsmanaged\x64\debug\assemblyinfo.obj
c:\users\myuce\documents\visual studio 2013\projects\consoleapplication2\consoleapplication2\hadoop .net hdfs file access\c# and c++\c#,c++\winhdfsmanaged\winhdfsmanaged\x64\debug\.netframework,version=v4.5.assemblyattributes.obj
c:\users\myuce\documents\visual studio 2013\projects\consoleapplication2\consoleapplication2\hadoop .net hdfs file access\c# and c++\c#,c++\x64\debug\winhdfsmanaged.dll
c:\users\myuce\documents\visual studio 2013\projects\consoleapplication2\consoleapplication2\hadoop .net hdfs file access\c# and c++\c#,c++\x64\debug\winhdfsmanaged.pdb
c:\users\myuce\documents\visual studio 2013\projects\consoleapplication2\consoleapplication2\hadoop .net hdfs file access\c# and c++\c#,c++\winhdfsmanaged\winhdfsmanaged\x64\debug\app.res
c:\users\myuce\documents\visual studio 2013\projects\consoleapplication2\consoleapplication2\hadoop .net hdfs file access\c# and c++\c#,c++\winhdfsmanaged\winhdfsmanaged\x64\debug\winhdfsmanaged.tlog\cl.command.1.tlog
c:\users\myuce\documents\visual studio 2013\projects\consoleapplication2\consoleapplication2\hadoop .net hdfs file access\c# and c++\c#,c++\winhdfsmanaged\winhdfsmanaged\x64\debug\winhdfsmanaged.tlog\cl.read.1.tlog
c:\users\myuce\documents\visual studio 2013\projects\consoleapplication2\consoleapplication2\hadoop .net hdfs file access\c# and c++\c#,c++\winhdfsmanaged\winhdfsmanaged\x64\debug\winhdfsmanaged.tlog\cl.write.1.tlog
c:\users\myuce\documents\visual studio 2013\projects\consoleapplication2\consoleapplication2\hadoop .net hdfs file access\c# and c++\c#,c++\winhdfsmanaged\winhdfsmanaged\x64\debug\winhdfsmanaged.tlog\link.command.1.tlog
c:\users\myuce\documents\visual studio 2013\projects\consoleapplication2\consoleapplication2\hadoop .net hdfs file access\c# and c++\c#,c++\winhdfsmanaged\winhdfsmanaged\x64\debug\winhdfsmanaged.tlog\link.read.1.tlog
c:\users\myuce\documents\visual studio 2013\projects\consoleapplication2\consoleapplication2\hadoop .net hdfs file access\c# and c++\c#,c++\winhdfsmanaged\winhdfsmanaged\x64\debug\winhdfsmanaged.tlog\link.write.1.tlog
c:\users\myuce\documents\visual studio 2013\projects\consoleapplication2\consoleapplication2\hadoop .net hdfs file access\c# and c++\c#,c++\winhdfsmanaged\winhdfsmanaged\x64\debug\winhdfsmanaged.tlog\metagen.read.1.tlog
c:\users\myuce\documents\visual studio 2013\projects\consoleapplication2\consoleapplication2\hadoop .net hdfs file access\c# and c++\c#,c++\winhdfsmanaged\winhdfsmanaged\x64\debug\winhdfsmanaged.tlog\metagen.write.1.tlog
c:\users\myuce\documents\visual studio 2013\projects\consoleapplication2\consoleapplication2\hadoop .net hdfs file access\c# and c++\c#,c++\winhdfsmanaged\winhdfsmanaged\x64\debug\winhdfsmanaged.tlog\rc.command.1.tlog
c:\users\myuce\documents\visual studio 2013\projects\consoleapplication2\consoleapplication2\hadoop .net hdfs file access\c# and c++\c#,c++\winhdfsmanaged\winhdfsmanaged\x64\debug\winhdfsmanaged.tlog\rc.read.1.tlog
c:\users\myuce\documents\visual studio 2013\projects\consoleapplication2\consoleapplication2\hadoop .net hdfs file access\c# and c++\c#,c++\winhdfsmanaged\winhdfsmanaged\x64\debug\winhdfsmanaged.tlog\rc.write.1.tlog
c:\users\myuce\documents\visual studio 2013\projects\consoleapplication2\consoleapplication2\hadoop .net hdfs file access\c# and c++\c#,c++\winhdfsmanaged\winhdfsmanaged\x64\debug\winhdfsmanaged.tlog\tzres.dll.bi
